16:45:17.197 [main]  {} [] DEBUG io.netty.util.internal.logging.InternalLoggerFactory - Using Log4J2 as the default logging framework
16:45:17.216 [main]  {} [] DEBUG io.netty.util.ResourceLeakDetector - -Dio.netty.leakDetection.level: simple
16:45:17.216 [main]  {} [] DEBUG io.netty.util.ResourceLeakDetector - -Dio.netty.leakDetection.targetRecords: 4
16:45:17.225 [main]  {} [] DEBUG io.netty.util.ResourceLeakDetectorFactory - Loaded default ResourceLeakDetector: io.netty.util.ResourceLeakDetector@77ee25f1
16:45:17.264 [main]  {} [] DEBUG io.netty.util.internal.PlatformDependent0 - -Dio.netty.noUnsafe: false
16:45:17.265 [main]  {} [] DEBUG io.netty.util.internal.PlatformDependent0 - Java version: 19
16:45:17.267 [main]  {} [] DEBUG io.netty.util.internal.PlatformDependent0 - sun.misc.Unsafe.theUnsafe: available
16:45:17.269 [main]  {} [] DEBUG io.netty.util.internal.PlatformDependent0 - sun.misc.Unsafe.copyMemory: available
16:45:17.271 [main]  {} [] DEBUG io.netty.util.internal.PlatformDependent0 - sun.misc.Unsafe.storeFence: available
16:45:17.273 [main]  {} [] DEBUG io.netty.util.internal.PlatformDependent0 - java.nio.Buffer.address: available
16:45:17.275 [main]  {} [] DEBUG io.netty.util.internal.PlatformDependent0 - direct buffer constructor: unavailable: Reflective setAccessible(true) disabled
16:45:17.276 [main]  {} [] DEBUG io.netty.util.internal.PlatformDependent0 - java.nio.Bits.unaligned: available, true
16:45:17.279 [main]  {} [] DEBUG io.netty.util.internal.PlatformDependent0 - jdk.internal.misc.Unsafe.allocateUninitializedArray(int): unavailable: class io.netty.util.internal.PlatformDependent0$7 cannot access class jdk.internal.misc.Unsafe (in module java.base) because module java.base does not export jdk.internal.misc to unnamed module @7a46a697
16:45:17.281 [main]  {} [] DEBUG io.netty.util.internal.PlatformDependent0 - java.nio.DirectByteBuffer.<init>(long, int): unavailable
16:45:17.282 [main]  {} [] DEBUG io.netty.util.internal.PlatformDependent - sun.misc.Unsafe: available
16:45:17.283 [main]  {} [] DEBUG io.netty.util.internal.PlatformDependent - maxDirectMemory: 4257218560 bytes (maybe)
16:45:17.284 [main]  {} [] DEBUG io.netty.util.internal.PlatformDependent - -Dio.netty.tmpdir: C:\Users\user\AppData\Local\Temp (java.io.tmpdir)
16:45:17.284 [main]  {} [] DEBUG io.netty.util.internal.PlatformDependent - -Dio.netty.bitMode: 64 (sun.arch.data.model)
16:45:17.285 [main]  {} [] DEBUG io.netty.util.internal.PlatformDependent - Platform: Windows
16:45:17.287 [main]  {} [] DEBUG io.netty.util.internal.PlatformDependent - -Dio.netty.maxDirectMemory: -1 bytes
16:45:17.287 [main]  {} [] DEBUG io.netty.util.internal.PlatformDependent - -Dio.netty.uninitializedArrayAllocationThreshold: -1
16:45:17.291 [main]  {} [] DEBUG io.netty.util.internal.CleanerJava9 - java.nio.ByteBuffer.cleaner(): available
16:45:17.292 [main]  {} [] DEBUG io.netty.util.internal.PlatformDependent - -Dio.netty.noPreferDirect: false
16:45:17.310 [main]  {} [] DEBUG io.netty.util.internal.PlatformDependent - org.jctools-core.MpscChunkedArrayQueue: available
16:45:17.351 [main]  {} [] DEBUG io.netty.util.internal.InternalThreadLocalMap - -Dio.netty.threadLocalMap.stringBuilder.initialSize: 1024
16:45:17.351 [main]  {} [] DEBUG io.netty.util.internal.InternalThreadLocalMap - -Dio.netty.threadLocalMap.stringBuilder.maxSize: 4096
16:45:17.460 [main]  {} [] DEBUG io.netty.handler.ssl.JdkSslContext - Default protocols (JDK): [TLSv1.3, TLSv1.2] 
16:45:17.461 [main]  {} [] DEBUG io.netty.handler.ssl.JdkSslContext - Default cipher suites (JDK): [TLS_ECDHE_ECDSA_WITH_AES_256_GCM_SHA384, TLS_ECDHE_ECDSA_WITH_AES_128_GCM_SHA256, TLS_ECDHE_RSA_WITH_AES_128_GCM_SHA256, TLS_ECDHE_RSA_WITH_AES_256_GCM_SHA384, TLS_ECDHE_RSA_WITH_AES_128_CBC_SHA, TLS_ECDHE_RSA_WITH_AES_256_CBC_SHA, TLS_RSA_WITH_AES_128_GCM_SHA256, TLS_RSA_WITH_AES_128_CBC_SHA, TLS_RSA_WITH_AES_256_CBC_SHA, TLS_AES_128_GCM_SHA256, TLS_AES_256_GCM_SHA384]
16:45:17.516 [main]  {} [] DEBUG io.netty.channel.MultithreadEventLoopGroup - -Dio.netty.eventLoopThreads: 16
16:45:17.530 [main]  {} [] DEBUG io.netty.channel.nio.NioEventLoop - -Dio.netty.noKeySetOptimization: false
16:45:17.531 [main]  {} [] DEBUG io.netty.channel.nio.NioEventLoop - -Dio.netty.selectorAutoRebuildThreshold: 512
16:45:17.624 [main]  {} [] DEBUG io.netty.buffer.PooledByteBufAllocator - -Dio.netty.allocator.numHeapArenas: 16
16:45:17.624 [main]  {} [] DEBUG io.netty.buffer.PooledByteBufAllocator - -Dio.netty.allocator.numDirectArenas: 16
16:45:17.624 [main]  {} [] DEBUG io.netty.buffer.PooledByteBufAllocator - -Dio.netty.allocator.pageSize: 8192
16:45:17.625 [main]  {} [] DEBUG io.netty.buffer.PooledByteBufAllocator - -Dio.netty.allocator.maxOrder: 9
16:45:17.625 [main]  {} [] DEBUG io.netty.buffer.PooledByteBufAllocator - -Dio.netty.allocator.chunkSize: 4194304
16:45:17.625 [main]  {} [] DEBUG io.netty.buffer.PooledByteBufAllocator - -Dio.netty.allocator.smallCacheSize: 256
16:45:17.625 [main]  {} [] DEBUG io.netty.buffer.PooledByteBufAllocator - -Dio.netty.allocator.normalCacheSize: 64
16:45:17.626 [main]  {} [] DEBUG io.netty.buffer.PooledByteBufAllocator - -Dio.netty.allocator.maxCachedBufferCapacity: 32768
16:45:17.626 [main]  {} [] DEBUG io.netty.buffer.PooledByteBufAllocator - -Dio.netty.allocator.cacheTrimInterval: 8192
16:45:17.627 [main]  {} [] DEBUG io.netty.buffer.PooledByteBufAllocator - -Dio.netty.allocator.cacheTrimIntervalMillis: 0
16:45:17.627 [main]  {} [] DEBUG io.netty.buffer.PooledByteBufAllocator - -Dio.netty.allocator.useCacheForAllThreads: false
16:45:17.628 [main]  {} [] DEBUG io.netty.buffer.PooledByteBufAllocator - -Dio.netty.allocator.maxCachedByteBuffersPerChunk: 1023
16:45:17.647 [main]  {} [] DEBUG io.netty.buffer.ByteBufUtil - -Dio.netty.allocator.type: pooled
16:45:17.647 [main]  {} [] DEBUG io.netty.buffer.ByteBufUtil - -Dio.netty.threadLocalDirectBufferSize: 0
16:45:17.647 [main]  {} [] DEBUG io.netty.buffer.ByteBufUtil - -Dio.netty.maxThreadLocalCharBufferSize: 16384
16:45:18.230 [Forwarding newSession on session null to remote]  {} [] DEBUG io.netty.channel.DefaultChannelId - -Dio.netty.processId: 11360 (auto-detected)
16:45:18.235 [Forwarding newSession on session null to remote]  {} [] DEBUG io.netty.util.NetUtil - -Djava.net.preferIPv4Stack: false
16:45:18.235 [Forwarding newSession on session null to remote]  {} [] DEBUG io.netty.util.NetUtil - -Djava.net.preferIPv6Addresses: false
16:45:18.250 [Forwarding newSession on session null to remote]  {} [] DEBUG io.netty.util.NetUtilInitializations - Loopback interface: lo (Software Loopback Interface 1, 127.0.0.1)
16:45:18.252 [Forwarding newSession on session null to remote]  {} [] DEBUG io.netty.util.NetUtil - Failed to get SOMAXCONN from sysctl and file \proc\sys\net\core\somaxconn. Default: 200
16:45:18.310 [Forwarding newSession on session null to remote]  {} [] DEBUG io.netty.channel.DefaultChannelId - -Dio.netty.machineId: d4:3b:04:ff:fe:a1:46:c7 (auto-detected)
16:45:18.393 [AsyncHttpClient-1-2]  {} [] DEBUG io.netty.buffer.AbstractByteBuf - -Dio.netty.buffer.checkAccessible: true
16:45:18.394 [AsyncHttpClient-1-2]  {} [] DEBUG io.netty.buffer.AbstractByteBuf - -Dio.netty.buffer.checkBounds: true
16:45:18.395 [AsyncHttpClient-1-2]  {} [] DEBUG io.netty.util.ResourceLeakDetectorFactory - Loaded default ResourceLeakDetector: io.netty.util.ResourceLeakDetector@ebcdb39
16:45:18.445 [AsyncHttpClient-1-2]  {} [] DEBUG io.netty.util.Recycler - -Dio.netty.recycler.maxCapacityPerThread: 4096
16:45:18.446 [AsyncHttpClient-1-2]  {} [] DEBUG io.netty.util.Recycler - -Dio.netty.recycler.ratio: 8
16:45:18.446 [AsyncHttpClient-1-2]  {} [] DEBUG io.netty.util.Recycler - -Dio.netty.recycler.chunkSize: 32
16:45:18.446 [AsyncHttpClient-1-2]  {} [] DEBUG io.netty.util.Recycler - -Dio.netty.recycler.blocking: false
16:45:19.317 [AsyncHttpClient-1-2]  {} [] DEBUG io.netty.handler.codec.compression.Brotli - brotli4j not in the classpath; Brotli support will be unavailable.
16:45:19.499 [main]  {} [] DEBUG io.netty.util.internal.ThreadLocalRandom - -Dio.netty.initialSeedUniquifier: 0xb32f7ef6dcee3dd2
16:45:21.160 [main]  {} [] INFO  seleniumGlueCode.HomeDefinition - se inicia reporte
16:52:09.792 [main]  {} [] DEBUG io.netty.util.internal.logging.InternalLoggerFactory - Using Log4J2 as the default logging framework
16:52:09.810 [main]  {} [] DEBUG io.netty.util.ResourceLeakDetector - -Dio.netty.leakDetection.level: simple
16:52:09.811 [main]  {} [] DEBUG io.netty.util.ResourceLeakDetector - -Dio.netty.leakDetection.targetRecords: 4
16:52:09.820 [main]  {} [] DEBUG io.netty.util.ResourceLeakDetectorFactory - Loaded default ResourceLeakDetector: io.netty.util.ResourceLeakDetector@c4c0b41
16:52:09.859 [main]  {} [] DEBUG io.netty.util.internal.PlatformDependent0 - -Dio.netty.noUnsafe: false
16:52:09.859 [main]  {} [] DEBUG io.netty.util.internal.PlatformDependent0 - Java version: 19
16:52:09.862 [main]  {} [] DEBUG io.netty.util.internal.PlatformDependent0 - sun.misc.Unsafe.theUnsafe: available
16:52:09.864 [main]  {} [] DEBUG io.netty.util.internal.PlatformDependent0 - sun.misc.Unsafe.copyMemory: available
16:52:09.865 [main]  {} [] DEBUG io.netty.util.internal.PlatformDependent0 - sun.misc.Unsafe.storeFence: available
16:52:09.867 [main]  {} [] DEBUG io.netty.util.internal.PlatformDependent0 - java.nio.Buffer.address: available
16:52:09.869 [main]  {} [] DEBUG io.netty.util.internal.PlatformDependent0 - direct buffer constructor: unavailable: Reflective setAccessible(true) disabled
16:52:09.870 [main]  {} [] DEBUG io.netty.util.internal.PlatformDependent0 - java.nio.Bits.unaligned: available, true
16:52:09.873 [main]  {} [] DEBUG io.netty.util.internal.PlatformDependent0 - jdk.internal.misc.Unsafe.allocateUninitializedArray(int): unavailable: class io.netty.util.internal.PlatformDependent0$7 cannot access class jdk.internal.misc.Unsafe (in module java.base) because module java.base does not export jdk.internal.misc to unnamed module @7a46a697
16:52:09.876 [main]  {} [] DEBUG io.netty.util.internal.PlatformDependent0 - java.nio.DirectByteBuffer.<init>(long, int): unavailable
16:52:09.877 [main]  {} [] DEBUG io.netty.util.internal.PlatformDependent - sun.misc.Unsafe: available
16:52:09.878 [main]  {} [] DEBUG io.netty.util.internal.PlatformDependent - maxDirectMemory: 4257218560 bytes (maybe)
16:52:09.879 [main]  {} [] DEBUG io.netty.util.internal.PlatformDependent - -Dio.netty.tmpdir: C:\Users\user\AppData\Local\Temp (java.io.tmpdir)
16:52:09.879 [main]  {} [] DEBUG io.netty.util.internal.PlatformDependent - -Dio.netty.bitMode: 64 (sun.arch.data.model)
16:52:09.880 [main]  {} [] DEBUG io.netty.util.internal.PlatformDependent - Platform: Windows
16:52:09.881 [main]  {} [] DEBUG io.netty.util.internal.PlatformDependent - -Dio.netty.maxDirectMemory: -1 bytes
16:52:09.882 [main]  {} [] DEBUG io.netty.util.internal.PlatformDependent - -Dio.netty.uninitializedArrayAllocationThreshold: -1
16:52:09.886 [main]  {} [] DEBUG io.netty.util.internal.CleanerJava9 - java.nio.ByteBuffer.cleaner(): available
16:52:09.886 [main]  {} [] DEBUG io.netty.util.internal.PlatformDependent - -Dio.netty.noPreferDirect: false
16:52:09.901 [main]  {} [] DEBUG io.netty.util.internal.PlatformDependent - org.jctools-core.MpscChunkedArrayQueue: available
16:52:09.937 [main]  {} [] DEBUG io.netty.util.internal.InternalThreadLocalMap - -Dio.netty.threadLocalMap.stringBuilder.initialSize: 1024
16:52:09.937 [main]  {} [] DEBUG io.netty.util.internal.InternalThreadLocalMap - -Dio.netty.threadLocalMap.stringBuilder.maxSize: 4096
16:52:10.048 [main]  {} [] DEBUG io.netty.handler.ssl.JdkSslContext - Default protocols (JDK): [TLSv1.3, TLSv1.2] 
16:52:10.048 [main]  {} [] DEBUG io.netty.handler.ssl.JdkSslContext - Default cipher suites (JDK): [TLS_ECDHE_ECDSA_WITH_AES_256_GCM_SHA384, TLS_ECDHE_ECDSA_WITH_AES_128_GCM_SHA256, TLS_ECDHE_RSA_WITH_AES_128_GCM_SHA256, TLS_ECDHE_RSA_WITH_AES_256_GCM_SHA384, TLS_ECDHE_RSA_WITH_AES_128_CBC_SHA, TLS_ECDHE_RSA_WITH_AES_256_CBC_SHA, TLS_RSA_WITH_AES_128_GCM_SHA256, TLS_RSA_WITH_AES_128_CBC_SHA, TLS_RSA_WITH_AES_256_CBC_SHA, TLS_AES_128_GCM_SHA256, TLS_AES_256_GCM_SHA384]
16:52:10.104 [main]  {} [] DEBUG io.netty.channel.MultithreadEventLoopGroup - -Dio.netty.eventLoopThreads: 16
16:52:10.119 [main]  {} [] DEBUG io.netty.channel.nio.NioEventLoop - -Dio.netty.noKeySetOptimization: false
16:52:10.119 [main]  {} [] DEBUG io.netty.channel.nio.NioEventLoop - -Dio.netty.selectorAutoRebuildThreshold: 512
16:52:10.216 [main]  {} [] DEBUG io.netty.buffer.PooledByteBufAllocator - -Dio.netty.allocator.numHeapArenas: 16
16:52:10.216 [main]  {} [] DEBUG io.netty.buffer.PooledByteBufAllocator - -Dio.netty.allocator.numDirectArenas: 16
16:52:10.217 [main]  {} [] DEBUG io.netty.buffer.PooledByteBufAllocator - -Dio.netty.allocator.pageSize: 8192
16:52:10.217 [main]  {} [] DEBUG io.netty.buffer.PooledByteBufAllocator - -Dio.netty.allocator.maxOrder: 9
16:52:10.217 [main]  {} [] DEBUG io.netty.buffer.PooledByteBufAllocator - -Dio.netty.allocator.chunkSize: 4194304
16:52:10.217 [main]  {} [] DEBUG io.netty.buffer.PooledByteBufAllocator - -Dio.netty.allocator.smallCacheSize: 256
16:52:10.218 [main]  {} [] DEBUG io.netty.buffer.PooledByteBufAllocator - -Dio.netty.allocator.normalCacheSize: 64
16:52:10.218 [main]  {} [] DEBUG io.netty.buffer.PooledByteBufAllocator - -Dio.netty.allocator.maxCachedBufferCapacity: 32768
16:52:10.218 [main]  {} [] DEBUG io.netty.buffer.PooledByteBufAllocator - -Dio.netty.allocator.cacheTrimInterval: 8192
16:52:10.219 [main]  {} [] DEBUG io.netty.buffer.PooledByteBufAllocator - -Dio.netty.allocator.cacheTrimIntervalMillis: 0
16:52:10.219 [main]  {} [] DEBUG io.netty.buffer.PooledByteBufAllocator - -Dio.netty.allocator.useCacheForAllThreads: false
16:52:10.219 [main]  {} [] DEBUG io.netty.buffer.PooledByteBufAllocator - -Dio.netty.allocator.maxCachedByteBuffersPerChunk: 1023
16:52:10.240 [main]  {} [] DEBUG io.netty.buffer.ByteBufUtil - -Dio.netty.allocator.type: pooled
16:52:10.240 [main]  {} [] DEBUG io.netty.buffer.ByteBufUtil - -Dio.netty.threadLocalDirectBufferSize: 0
16:52:10.241 [main]  {} [] DEBUG io.netty.buffer.ByteBufUtil - -Dio.netty.maxThreadLocalCharBufferSize: 16384
16:52:10.766 [Forwarding newSession on session null to remote]  {} [] DEBUG io.netty.channel.DefaultChannelId - -Dio.netty.processId: 10576 (auto-detected)
16:52:10.770 [Forwarding newSession on session null to remote]  {} [] DEBUG io.netty.util.NetUtil - -Djava.net.preferIPv4Stack: false
16:52:10.770 [Forwarding newSession on session null to remote]  {} [] DEBUG io.netty.util.NetUtil - -Djava.net.preferIPv6Addresses: false
16:52:10.785 [Forwarding newSession on session null to remote]  {} [] DEBUG io.netty.util.NetUtilInitializations - Loopback interface: lo (Software Loopback Interface 1, 127.0.0.1)
16:52:10.786 [Forwarding newSession on session null to remote]  {} [] DEBUG io.netty.util.NetUtil - Failed to get SOMAXCONN from sysctl and file \proc\sys\net\core\somaxconn. Default: 200
16:52:10.835 [Forwarding newSession on session null to remote]  {} [] DEBUG io.netty.channel.DefaultChannelId - -Dio.netty.machineId: d4:3b:04:ff:fe:a1:46:c7 (auto-detected)
16:52:10.917 [AsyncHttpClient-1-2]  {} [] DEBUG io.netty.buffer.AbstractByteBuf - -Dio.netty.buffer.checkAccessible: true
16:52:10.918 [AsyncHttpClient-1-2]  {} [] DEBUG io.netty.buffer.AbstractByteBuf - -Dio.netty.buffer.checkBounds: true
16:52:10.918 [AsyncHttpClient-1-2]  {} [] DEBUG io.netty.util.ResourceLeakDetectorFactory - Loaded default ResourceLeakDetector: io.netty.util.ResourceLeakDetector@6b7d9373
16:52:10.957 [AsyncHttpClient-1-2]  {} [] DEBUG io.netty.util.Recycler - -Dio.netty.recycler.maxCapacityPerThread: 4096
16:52:10.957 [AsyncHttpClient-1-2]  {} [] DEBUG io.netty.util.Recycler - -Dio.netty.recycler.ratio: 8
16:52:10.957 [AsyncHttpClient-1-2]  {} [] DEBUG io.netty.util.Recycler - -Dio.netty.recycler.chunkSize: 32
16:52:10.957 [AsyncHttpClient-1-2]  {} [] DEBUG io.netty.util.Recycler - -Dio.netty.recycler.blocking: false
16:52:11.855 [AsyncHttpClient-1-2]  {} [] DEBUG io.netty.handler.codec.compression.Brotli - brotli4j not in the classpath; Brotli support will be unavailable.
16:52:12.049 [main]  {} [] DEBUG io.netty.util.internal.ThreadLocalRandom - -Dio.netty.initialSeedUniquifier: 0xcf486b2ec418c1cc
16:52:15.551 [main]  {} [] INFO  seleniumGlueCode.HomeDefinition - se inicia reporte
16:54:38.251 [main]  {} [] DEBUG io.netty.util.internal.logging.InternalLoggerFactory - Using Log4J2 as the default logging framework
16:54:38.271 [main]  {} [] DEBUG io.netty.util.ResourceLeakDetector - -Dio.netty.leakDetection.level: simple
16:54:38.271 [main]  {} [] DEBUG io.netty.util.ResourceLeakDetector - -Dio.netty.leakDetection.targetRecords: 4
16:54:38.279 [main]  {} [] DEBUG io.netty.util.ResourceLeakDetectorFactory - Loaded default ResourceLeakDetector: io.netty.util.ResourceLeakDetector@6ff37443
16:54:38.328 [main]  {} [] DEBUG io.netty.util.internal.PlatformDependent0 - -Dio.netty.noUnsafe: false
16:54:38.328 [main]  {} [] DEBUG io.netty.util.internal.PlatformDependent0 - Java version: 19
16:54:38.332 [main]  {} [] DEBUG io.netty.util.internal.PlatformDependent0 - sun.misc.Unsafe.theUnsafe: available
16:54:38.334 [main]  {} [] DEBUG io.netty.util.internal.PlatformDependent0 - sun.misc.Unsafe.copyMemory: available
16:54:38.335 [main]  {} [] DEBUG io.netty.util.internal.PlatformDependent0 - sun.misc.Unsafe.storeFence: available
16:54:38.337 [main]  {} [] DEBUG io.netty.util.internal.PlatformDependent0 - java.nio.Buffer.address: available
16:54:38.339 [main]  {} [] DEBUG io.netty.util.internal.PlatformDependent0 - direct buffer constructor: unavailable: Reflective setAccessible(true) disabled
16:54:38.340 [main]  {} [] DEBUG io.netty.util.internal.PlatformDependent0 - java.nio.Bits.unaligned: available, true
16:54:38.344 [main]  {} [] DEBUG io.netty.util.internal.PlatformDependent0 - jdk.internal.misc.Unsafe.allocateUninitializedArray(int): unavailable: class io.netty.util.internal.PlatformDependent0$7 cannot access class jdk.internal.misc.Unsafe (in module java.base) because module java.base does not export jdk.internal.misc to unnamed module @7a46a697
16:54:38.346 [main]  {} [] DEBUG io.netty.util.internal.PlatformDependent0 - java.nio.DirectByteBuffer.<init>(long, int): unavailable
16:54:38.347 [main]  {} [] DEBUG io.netty.util.internal.PlatformDependent - sun.misc.Unsafe: available
16:54:38.348 [main]  {} [] DEBUG io.netty.util.internal.PlatformDependent - maxDirectMemory: 4257218560 bytes (maybe)
16:54:38.349 [main]  {} [] DEBUG io.netty.util.internal.PlatformDependent - -Dio.netty.tmpdir: C:\Users\user\AppData\Local\Temp (java.io.tmpdir)
16:54:38.350 [main]  {} [] DEBUG io.netty.util.internal.PlatformDependent - -Dio.netty.bitMode: 64 (sun.arch.data.model)
16:54:38.351 [main]  {} [] DEBUG io.netty.util.internal.PlatformDependent - Platform: Windows
16:54:38.353 [main]  {} [] DEBUG io.netty.util.internal.PlatformDependent - -Dio.netty.maxDirectMemory: -1 bytes
16:54:38.354 [main]  {} [] DEBUG io.netty.util.internal.PlatformDependent - -Dio.netty.uninitializedArrayAllocationThreshold: -1
16:54:38.357 [main]  {} [] DEBUG io.netty.util.internal.CleanerJava9 - java.nio.ByteBuffer.cleaner(): available
16:54:38.358 [main]  {} [] DEBUG io.netty.util.internal.PlatformDependent - -Dio.netty.noPreferDirect: false
16:54:38.376 [main]  {} [] DEBUG io.netty.util.internal.PlatformDependent - org.jctools-core.MpscChunkedArrayQueue: available
16:54:38.417 [main]  {} [] DEBUG io.netty.util.internal.InternalThreadLocalMap - -Dio.netty.threadLocalMap.stringBuilder.initialSize: 1024
16:54:38.417 [main]  {} [] DEBUG io.netty.util.internal.InternalThreadLocalMap - -Dio.netty.threadLocalMap.stringBuilder.maxSize: 4096
16:54:38.539 [main]  {} [] DEBUG io.netty.handler.ssl.JdkSslContext - Default protocols (JDK): [TLSv1.3, TLSv1.2] 
16:54:38.539 [main]  {} [] DEBUG io.netty.handler.ssl.JdkSslContext - Default cipher suites (JDK): [TLS_ECDHE_ECDSA_WITH_AES_256_GCM_SHA384, TLS_ECDHE_ECDSA_WITH_AES_128_GCM_SHA256, TLS_ECDHE_RSA_WITH_AES_128_GCM_SHA256, TLS_ECDHE_RSA_WITH_AES_256_GCM_SHA384, TLS_ECDHE_RSA_WITH_AES_128_CBC_SHA, TLS_ECDHE_RSA_WITH_AES_256_CBC_SHA, TLS_RSA_WITH_AES_128_GCM_SHA256, TLS_RSA_WITH_AES_128_CBC_SHA, TLS_RSA_WITH_AES_256_CBC_SHA, TLS_AES_128_GCM_SHA256, TLS_AES_256_GCM_SHA384]
16:54:38.615 [main]  {} [] DEBUG io.netty.channel.MultithreadEventLoopGroup - -Dio.netty.eventLoopThreads: 16
16:54:38.636 [main]  {} [] DEBUG io.netty.channel.nio.NioEventLoop - -Dio.netty.noKeySetOptimization: false
16:54:38.637 [main]  {} [] DEBUG io.netty.channel.nio.NioEventLoop - -Dio.netty.selectorAutoRebuildThreshold: 512
16:54:38.758 [main]  {} [] DEBUG io.netty.buffer.PooledByteBufAllocator - -Dio.netty.allocator.numHeapArenas: 16
16:54:38.759 [main]  {} [] DEBUG io.netty.buffer.PooledByteBufAllocator - -Dio.netty.allocator.numDirectArenas: 16
16:54:38.760 [main]  {} [] DEBUG io.netty.buffer.PooledByteBufAllocator - -Dio.netty.allocator.pageSize: 8192
16:54:38.762 [main]  {} [] DEBUG io.netty.buffer.PooledByteBufAllocator - -Dio.netty.allocator.maxOrder: 9
16:54:38.769 [main]  {} [] DEBUG io.netty.buffer.PooledByteBufAllocator - -Dio.netty.allocator.chunkSize: 4194304
16:54:38.771 [main]  {} [] DEBUG io.netty.buffer.PooledByteBufAllocator - -Dio.netty.allocator.smallCacheSize: 256
16:54:38.772 [main]  {} [] DEBUG io.netty.buffer.PooledByteBufAllocator - -Dio.netty.allocator.normalCacheSize: 64
16:54:38.772 [main]  {} [] DEBUG io.netty.buffer.PooledByteBufAllocator - -Dio.netty.allocator.maxCachedBufferCapacity: 32768
16:54:38.773 [main]  {} [] DEBUG io.netty.buffer.PooledByteBufAllocator - -Dio.netty.allocator.cacheTrimInterval: 8192
16:54:38.774 [main]  {} [] DEBUG io.netty.buffer.PooledByteBufAllocator - -Dio.netty.allocator.cacheTrimIntervalMillis: 0
16:54:38.774 [main]  {} [] DEBUG io.netty.buffer.PooledByteBufAllocator - -Dio.netty.allocator.useCacheForAllThreads: false
16:54:38.775 [main]  {} [] DEBUG io.netty.buffer.PooledByteBufAllocator - -Dio.netty.allocator.maxCachedByteBuffersPerChunk: 1023
16:54:38.806 [main]  {} [] DEBUG io.netty.buffer.ByteBufUtil - -Dio.netty.allocator.type: pooled
16:54:38.806 [main]  {} [] DEBUG io.netty.buffer.ByteBufUtil - -Dio.netty.threadLocalDirectBufferSize: 0
16:54:38.806 [main]  {} [] DEBUG io.netty.buffer.ByteBufUtil - -Dio.netty.maxThreadLocalCharBufferSize: 16384
16:54:39.498 [Forwarding newSession on session null to remote]  {} [] DEBUG io.netty.channel.DefaultChannelId - -Dio.netty.processId: 3264 (auto-detected)
16:54:39.502 [Forwarding newSession on session null to remote]  {} [] DEBUG io.netty.util.NetUtil - -Djava.net.preferIPv4Stack: false
16:54:39.503 [Forwarding newSession on session null to remote]  {} [] DEBUG io.netty.util.NetUtil - -Djava.net.preferIPv6Addresses: false
16:54:39.520 [Forwarding newSession on session null to remote]  {} [] DEBUG io.netty.util.NetUtilInitializations - Loopback interface: lo (Software Loopback Interface 1, 127.0.0.1)
16:54:39.523 [Forwarding newSession on session null to remote]  {} [] DEBUG io.netty.util.NetUtil - Failed to get SOMAXCONN from sysctl and file \proc\sys\net\core\somaxconn. Default: 200
16:54:39.591 [Forwarding newSession on session null to remote]  {} [] DEBUG io.netty.channel.DefaultChannelId - -Dio.netty.machineId: d4:3b:04:ff:fe:a1:46:c7 (auto-detected)
16:54:39.699 [AsyncHttpClient-1-2]  {} [] DEBUG io.netty.buffer.AbstractByteBuf - -Dio.netty.buffer.checkAccessible: true
16:54:39.700 [AsyncHttpClient-1-2]  {} [] DEBUG io.netty.buffer.AbstractByteBuf - -Dio.netty.buffer.checkBounds: true
16:54:39.701 [AsyncHttpClient-1-2]  {} [] DEBUG io.netty.util.ResourceLeakDetectorFactory - Loaded default ResourceLeakDetector: io.netty.util.ResourceLeakDetector@5810b736
16:54:39.762 [AsyncHttpClient-1-2]  {} [] DEBUG io.netty.util.Recycler - -Dio.netty.recycler.maxCapacityPerThread: 4096
16:54:39.763 [AsyncHttpClient-1-2]  {} [] DEBUG io.netty.util.Recycler - -Dio.netty.recycler.ratio: 8
16:54:39.763 [AsyncHttpClient-1-2]  {} [] DEBUG io.netty.util.Recycler - -Dio.netty.recycler.chunkSize: 32
16:54:39.763 [AsyncHttpClient-1-2]  {} [] DEBUG io.netty.util.Recycler - -Dio.netty.recycler.blocking: false
16:54:40.706 [AsyncHttpClient-1-2]  {} [] DEBUG io.netty.handler.codec.compression.Brotli - brotli4j not in the classpath; Brotli support will be unavailable.
16:54:40.923 [main]  {} [] DEBUG io.netty.util.internal.ThreadLocalRandom - -Dio.netty.initialSeedUniquifier: 0x8261eec4de3b1ddd
16:54:43.683 [main]  {} [] INFO  seleniumGlueCode.HomeDefinition - se inicia reporte
16:54:44.333 [main]  {} [] INFO  seleniumGlueCode.HomeDefinition - se finaliza el  reporte
17:36:17.638 [main]  {} [] DEBUG io.netty.util.internal.logging.InternalLoggerFactory - Using Log4J2 as the default logging framework
17:36:17.660 [main]  {} [] DEBUG io.netty.util.ResourceLeakDetector - -Dio.netty.leakDetection.level: simple
17:36:17.661 [main]  {} [] DEBUG io.netty.util.ResourceLeakDetector - -Dio.netty.leakDetection.targetRecords: 4
17:36:17.668 [main]  {} [] DEBUG io.netty.util.ResourceLeakDetectorFactory - Loaded default ResourceLeakDetector: io.netty.util.ResourceLeakDetector@77ee25f1
17:36:17.715 [main]  {} [] DEBUG io.netty.util.internal.PlatformDependent0 - -Dio.netty.noUnsafe: false
17:36:17.715 [main]  {} [] DEBUG io.netty.util.internal.PlatformDependent0 - Java version: 19
17:36:17.718 [main]  {} [] DEBUG io.netty.util.internal.PlatformDependent0 - sun.misc.Unsafe.theUnsafe: available
17:36:17.719 [main]  {} [] DEBUG io.netty.util.internal.PlatformDependent0 - sun.misc.Unsafe.copyMemory: available
17:36:17.721 [main]  {} [] DEBUG io.netty.util.internal.PlatformDependent0 - sun.misc.Unsafe.storeFence: available
17:36:17.722 [main]  {} [] DEBUG io.netty.util.internal.PlatformDependent0 - java.nio.Buffer.address: available
17:36:17.724 [main]  {} [] DEBUG io.netty.util.internal.PlatformDependent0 - direct buffer constructor: unavailable: Reflective setAccessible(true) disabled
17:36:17.725 [main]  {} [] DEBUG io.netty.util.internal.PlatformDependent0 - java.nio.Bits.unaligned: available, true
17:36:17.727 [main]  {} [] DEBUG io.netty.util.internal.PlatformDependent0 - jdk.internal.misc.Unsafe.allocateUninitializedArray(int): unavailable: class io.netty.util.internal.PlatformDependent0$7 cannot access class jdk.internal.misc.Unsafe (in module java.base) because module java.base does not export jdk.internal.misc to unnamed module @7a46a697
17:36:17.729 [main]  {} [] DEBUG io.netty.util.internal.PlatformDependent0 - java.nio.DirectByteBuffer.<init>(long, int): unavailable
17:36:17.729 [main]  {} [] DEBUG io.netty.util.internal.PlatformDependent - sun.misc.Unsafe: available
17:36:17.731 [main]  {} [] DEBUG io.netty.util.internal.PlatformDependent - maxDirectMemory: 4257218560 bytes (maybe)
17:36:17.732 [main]  {} [] DEBUG io.netty.util.internal.PlatformDependent - -Dio.netty.tmpdir: C:\Users\user\AppData\Local\Temp (java.io.tmpdir)
17:36:17.733 [main]  {} [] DEBUG io.netty.util.internal.PlatformDependent - -Dio.netty.bitMode: 64 (sun.arch.data.model)
17:36:17.734 [main]  {} [] DEBUG io.netty.util.internal.PlatformDependent - Platform: Windows
17:36:17.736 [main]  {} [] DEBUG io.netty.util.internal.PlatformDependent - -Dio.netty.maxDirectMemory: -1 bytes
17:36:17.737 [main]  {} [] DEBUG io.netty.util.internal.PlatformDependent - -Dio.netty.uninitializedArrayAllocationThreshold: -1
17:36:17.743 [main]  {} [] DEBUG io.netty.util.internal.CleanerJava9 - java.nio.ByteBuffer.cleaner(): available
17:36:17.744 [main]  {} [] DEBUG io.netty.util.internal.PlatformDependent - -Dio.netty.noPreferDirect: false
17:36:17.766 [main]  {} [] DEBUG io.netty.util.internal.PlatformDependent - org.jctools-core.MpscChunkedArrayQueue: available
17:36:17.801 [main]  {} [] DEBUG io.netty.util.internal.InternalThreadLocalMap - -Dio.netty.threadLocalMap.stringBuilder.initialSize: 1024
17:36:17.802 [main]  {} [] DEBUG io.netty.util.internal.InternalThreadLocalMap - -Dio.netty.threadLocalMap.stringBuilder.maxSize: 4096
17:36:17.941 [main]  {} [] DEBUG io.netty.handler.ssl.JdkSslContext - Default protocols (JDK): [TLSv1.3, TLSv1.2] 
17:36:17.942 [main]  {} [] DEBUG io.netty.handler.ssl.JdkSslContext - Default cipher suites (JDK): [TLS_ECDHE_ECDSA_WITH_AES_256_GCM_SHA384, TLS_ECDHE_ECDSA_WITH_AES_128_GCM_SHA256, TLS_ECDHE_RSA_WITH_AES_128_GCM_SHA256, TLS_ECDHE_RSA_WITH_AES_256_GCM_SHA384, TLS_ECDHE_RSA_WITH_AES_128_CBC_SHA, TLS_ECDHE_RSA_WITH_AES_256_CBC_SHA, TLS_RSA_WITH_AES_128_GCM_SHA256, TLS_RSA_WITH_AES_128_CBC_SHA, TLS_RSA_WITH_AES_256_CBC_SHA, TLS_AES_128_GCM_SHA256, TLS_AES_256_GCM_SHA384]
17:36:18.001 [main]  {} [] DEBUG io.netty.channel.MultithreadEventLoopGroup - -Dio.netty.eventLoopThreads: 16
17:36:18.021 [main]  {} [] DEBUG io.netty.channel.nio.NioEventLoop - -Dio.netty.noKeySetOptimization: false
17:36:18.021 [main]  {} [] DEBUG io.netty.channel.nio.NioEventLoop - -Dio.netty.selectorAutoRebuildThreshold: 512
17:36:18.128 [main]  {} [] DEBUG io.netty.buffer.PooledByteBufAllocator - -Dio.netty.allocator.numHeapArenas: 16
17:36:18.129 [main]  {} [] DEBUG io.netty.buffer.PooledByteBufAllocator - -Dio.netty.allocator.numDirectArenas: 16
17:36:18.129 [main]  {} [] DEBUG io.netty.buffer.PooledByteBufAllocator - -Dio.netty.allocator.pageSize: 8192
17:36:18.129 [main]  {} [] DEBUG io.netty.buffer.PooledByteBufAllocator - -Dio.netty.allocator.maxOrder: 9
17:36:18.130 [main]  {} [] DEBUG io.netty.buffer.PooledByteBufAllocator - -Dio.netty.allocator.chunkSize: 4194304
17:36:18.130 [main]  {} [] DEBUG io.netty.buffer.PooledByteBufAllocator - -Dio.netty.allocator.smallCacheSize: 256
17:36:18.130 [main]  {} [] DEBUG io.netty.buffer.PooledByteBufAllocator - -Dio.netty.allocator.normalCacheSize: 64
17:36:18.131 [main]  {} [] DEBUG io.netty.buffer.PooledByteBufAllocator - -Dio.netty.allocator.maxCachedBufferCapacity: 32768
17:36:18.131 [main]  {} [] DEBUG io.netty.buffer.PooledByteBufAllocator - -Dio.netty.allocator.cacheTrimInterval: 8192
17:36:18.132 [main]  {} [] DEBUG io.netty.buffer.PooledByteBufAllocator - -Dio.netty.allocator.cacheTrimIntervalMillis: 0
17:36:18.132 [main]  {} [] DEBUG io.netty.buffer.PooledByteBufAllocator - -Dio.netty.allocator.useCacheForAllThreads: false
17:36:18.132 [main]  {} [] DEBUG io.netty.buffer.PooledByteBufAllocator - -Dio.netty.allocator.maxCachedByteBuffersPerChunk: 1023
17:36:18.159 [main]  {} [] DEBUG io.netty.buffer.ByteBufUtil - -Dio.netty.allocator.type: pooled
17:36:18.160 [main]  {} [] DEBUG io.netty.buffer.ByteBufUtil - -Dio.netty.threadLocalDirectBufferSize: 0
17:36:18.161 [main]  {} [] DEBUG io.netty.buffer.ByteBufUtil - -Dio.netty.maxThreadLocalCharBufferSize: 16384
17:36:18.887 [Forwarding newSession on session null to remote]  {} [] DEBUG io.netty.channel.DefaultChannelId - -Dio.netty.processId: 10248 (auto-detected)
17:36:18.893 [Forwarding newSession on session null to remote]  {} [] DEBUG io.netty.util.NetUtil - -Djava.net.preferIPv4Stack: false
17:36:18.893 [Forwarding newSession on session null to remote]  {} [] DEBUG io.netty.util.NetUtil - -Djava.net.preferIPv6Addresses: false
17:36:18.909 [Forwarding newSession on session null to remote]  {} [] DEBUG io.netty.util.NetUtilInitializations - Loopback interface: lo (Software Loopback Interface 1, 127.0.0.1)
17:36:18.911 [Forwarding newSession on session null to remote]  {} [] DEBUG io.netty.util.NetUtil - Failed to get SOMAXCONN from sysctl and file \proc\sys\net\core\somaxconn. Default: 200
17:36:18.982 [Forwarding newSession on session null to remote]  {} [] DEBUG io.netty.channel.DefaultChannelId - -Dio.netty.machineId: d4:3b:04:ff:fe:a1:46:c7 (auto-detected)
17:36:19.113 [AsyncHttpClient-1-2]  {} [] DEBUG io.netty.buffer.AbstractByteBuf - -Dio.netty.buffer.checkAccessible: true
17:36:19.114 [AsyncHttpClient-1-2]  {} [] DEBUG io.netty.buffer.AbstractByteBuf - -Dio.netty.buffer.checkBounds: true
17:36:19.114 [AsyncHttpClient-1-2]  {} [] DEBUG io.netty.util.ResourceLeakDetectorFactory - Loaded default ResourceLeakDetector: io.netty.util.ResourceLeakDetector@43ab784d
17:36:19.174 [AsyncHttpClient-1-2]  {} [] DEBUG io.netty.util.Recycler - -Dio.netty.recycler.maxCapacityPerThread: 4096
17:36:19.174 [AsyncHttpClient-1-2]  {} [] DEBUG io.netty.util.Recycler - -Dio.netty.recycler.ratio: 8
17:36:19.174 [AsyncHttpClient-1-2]  {} [] DEBUG io.netty.util.Recycler - -Dio.netty.recycler.chunkSize: 32
17:36:19.175 [AsyncHttpClient-1-2]  {} [] DEBUG io.netty.util.Recycler - -Dio.netty.recycler.blocking: false
17:36:20.189 [AsyncHttpClient-1-2]  {} [] DEBUG io.netty.handler.codec.compression.Brotli - brotli4j not in the classpath; Brotli support will be unavailable.
17:36:20.407 [main]  {} [] DEBUG io.netty.util.internal.ThreadLocalRandom - -Dio.netty.initialSeedUniquifier: 0x3a055200daecb37e
17:36:23.515 [main]  {} [] INFO  seleniumGlueCode.HomeDefinition - se inicia reporte
17:36:25.034 [main]  {} [] INFO  seleniumGlueCode.HomeDefinition - se finaliza el  reporte
17:40:18.930 [main]  {} [] DEBUG io.netty.util.internal.logging.InternalLoggerFactory - Using Log4J2 as the default logging framework
17:40:18.950 [main]  {} [] DEBUG io.netty.util.ResourceLeakDetector - -Dio.netty.leakDetection.level: simple
17:40:18.951 [main]  {} [] DEBUG io.netty.util.ResourceLeakDetector - -Dio.netty.leakDetection.targetRecords: 4
17:40:18.960 [main]  {} [] DEBUG io.netty.util.ResourceLeakDetectorFactory - Loaded default ResourceLeakDetector: io.netty.util.ResourceLeakDetector@304a3655
17:40:19.002 [main]  {} [] DEBUG io.netty.util.internal.PlatformDependent0 - -Dio.netty.noUnsafe: false
17:40:19.002 [main]  {} [] DEBUG io.netty.util.internal.PlatformDependent0 - Java version: 19
17:40:19.005 [main]  {} [] DEBUG io.netty.util.internal.PlatformDependent0 - sun.misc.Unsafe.theUnsafe: available
17:40:19.006 [main]  {} [] DEBUG io.netty.util.internal.PlatformDependent0 - sun.misc.Unsafe.copyMemory: available
17:40:19.007 [main]  {} [] DEBUG io.netty.util.internal.PlatformDependent0 - sun.misc.Unsafe.storeFence: available
17:40:19.010 [main]  {} [] DEBUG io.netty.util.internal.PlatformDependent0 - java.nio.Buffer.address: available
17:40:19.011 [main]  {} [] DEBUG io.netty.util.internal.PlatformDependent0 - direct buffer constructor: unavailable: Reflective setAccessible(true) disabled
17:40:19.013 [main]  {} [] DEBUG io.netty.util.internal.PlatformDependent0 - java.nio.Bits.unaligned: available, true
17:40:19.017 [main]  {} [] DEBUG io.netty.util.internal.PlatformDependent0 - jdk.internal.misc.Unsafe.allocateUninitializedArray(int): unavailable: class io.netty.util.internal.PlatformDependent0$7 cannot access class jdk.internal.misc.Unsafe (in module java.base) because module java.base does not export jdk.internal.misc to unnamed module @7a46a697
17:40:19.020 [main]  {} [] DEBUG io.netty.util.internal.PlatformDependent0 - java.nio.DirectByteBuffer.<init>(long, int): unavailable
17:40:19.021 [main]  {} [] DEBUG io.netty.util.internal.PlatformDependent - sun.misc.Unsafe: available
17:40:19.024 [main]  {} [] DEBUG io.netty.util.internal.PlatformDependent - maxDirectMemory: 4257218560 bytes (maybe)
17:40:19.025 [main]  {} [] DEBUG io.netty.util.internal.PlatformDependent - -Dio.netty.tmpdir: C:\Users\user\AppData\Local\Temp (java.io.tmpdir)
17:40:19.026 [main]  {} [] DEBUG io.netty.util.internal.PlatformDependent - -Dio.netty.bitMode: 64 (sun.arch.data.model)
17:40:19.027 [main]  {} [] DEBUG io.netty.util.internal.PlatformDependent - Platform: Windows
17:40:19.028 [main]  {} [] DEBUG io.netty.util.internal.PlatformDependent - -Dio.netty.maxDirectMemory: -1 bytes
17:40:19.029 [main]  {} [] DEBUG io.netty.util.internal.PlatformDependent - -Dio.netty.uninitializedArrayAllocationThreshold: -1
17:40:19.032 [main]  {} [] DEBUG io.netty.util.internal.CleanerJava9 - java.nio.ByteBuffer.cleaner(): available
17:40:19.033 [main]  {} [] DEBUG io.netty.util.internal.PlatformDependent - -Dio.netty.noPreferDirect: false
17:40:19.053 [main]  {} [] DEBUG io.netty.util.internal.PlatformDependent - org.jctools-core.MpscChunkedArrayQueue: available
17:40:19.087 [main]  {} [] DEBUG io.netty.util.internal.InternalThreadLocalMap - -Dio.netty.threadLocalMap.stringBuilder.initialSize: 1024
17:40:19.088 [main]  {} [] DEBUG io.netty.util.internal.InternalThreadLocalMap - -Dio.netty.threadLocalMap.stringBuilder.maxSize: 4096
17:40:19.196 [main]  {} [] DEBUG io.netty.handler.ssl.JdkSslContext - Default protocols (JDK): [TLSv1.3, TLSv1.2] 
17:40:19.196 [main]  {} [] DEBUG io.netty.handler.ssl.JdkSslContext - Default cipher suites (JDK): [TLS_ECDHE_ECDSA_WITH_AES_256_GCM_SHA384, TLS_ECDHE_ECDSA_WITH_AES_128_GCM_SHA256, TLS_ECDHE_RSA_WITH_AES_128_GCM_SHA256, TLS_ECDHE_RSA_WITH_AES_256_GCM_SHA384, TLS_ECDHE_RSA_WITH_AES_128_CBC_SHA, TLS_ECDHE_RSA_WITH_AES_256_CBC_SHA, TLS_RSA_WITH_AES_128_GCM_SHA256, TLS_RSA_WITH_AES_128_CBC_SHA, TLS_RSA_WITH_AES_256_CBC_SHA, TLS_AES_128_GCM_SHA256, TLS_AES_256_GCM_SHA384]
17:40:19.266 [main]  {} [] DEBUG io.netty.channel.MultithreadEventLoopGroup - -Dio.netty.eventLoopThreads: 16
17:40:19.284 [main]  {} [] DEBUG io.netty.channel.nio.NioEventLoop - -Dio.netty.noKeySetOptimization: false
17:40:19.285 [main]  {} [] DEBUG io.netty.channel.nio.NioEventLoop - -Dio.netty.selectorAutoRebuildThreshold: 512
17:40:19.403 [main]  {} [] DEBUG io.netty.buffer.PooledByteBufAllocator - -Dio.netty.allocator.numHeapArenas: 16
17:40:19.404 [main]  {} [] DEBUG io.netty.buffer.PooledByteBufAllocator - -Dio.netty.allocator.numDirectArenas: 16
17:40:19.404 [main]  {} [] DEBUG io.netty.buffer.PooledByteBufAllocator - -Dio.netty.allocator.pageSize: 8192
17:40:19.405 [main]  {} [] DEBUG io.netty.buffer.PooledByteBufAllocator - -Dio.netty.allocator.maxOrder: 9
17:40:19.406 [main]  {} [] DEBUG io.netty.buffer.PooledByteBufAllocator - -Dio.netty.allocator.chunkSize: 4194304
17:40:19.406 [main]  {} [] DEBUG io.netty.buffer.PooledByteBufAllocator - -Dio.netty.allocator.smallCacheSize: 256
17:40:19.407 [main]  {} [] DEBUG io.netty.buffer.PooledByteBufAllocator - -Dio.netty.allocator.normalCacheSize: 64
17:40:19.408 [main]  {} [] DEBUG io.netty.buffer.PooledByteBufAllocator - -Dio.netty.allocator.maxCachedBufferCapacity: 32768
17:40:19.409 [main]  {} [] DEBUG io.netty.buffer.PooledByteBufAllocator - -Dio.netty.allocator.cacheTrimInterval: 8192
17:40:19.410 [main]  {} [] DEBUG io.netty.buffer.PooledByteBufAllocator - -Dio.netty.allocator.cacheTrimIntervalMillis: 0
17:40:19.411 [main]  {} [] DEBUG io.netty.buffer.PooledByteBufAllocator - -Dio.netty.allocator.useCacheForAllThreads: false
17:40:19.411 [main]  {} [] DEBUG io.netty.buffer.PooledByteBufAllocator - -Dio.netty.allocator.maxCachedByteBuffersPerChunk: 1023
17:40:19.448 [main]  {} [] DEBUG io.netty.buffer.ByteBufUtil - -Dio.netty.allocator.type: pooled
17:40:19.449 [main]  {} [] DEBUG io.netty.buffer.ByteBufUtil - -Dio.netty.threadLocalDirectBufferSize: 0
17:40:19.449 [main]  {} [] DEBUG io.netty.buffer.ByteBufUtil - -Dio.netty.maxThreadLocalCharBufferSize: 16384
17:40:20.112 [Forwarding newSession on session null to remote]  {} [] DEBUG io.netty.channel.DefaultChannelId - -Dio.netty.processId: 19416 (auto-detected)
17:40:20.121 [Forwarding newSession on session null to remote]  {} [] DEBUG io.netty.util.NetUtil - -Djava.net.preferIPv4Stack: false
17:40:20.121 [Forwarding newSession on session null to remote]  {} [] DEBUG io.netty.util.NetUtil - -Djava.net.preferIPv6Addresses: false
17:40:20.138 [Forwarding newSession on session null to remote]  {} [] DEBUG io.netty.util.NetUtilInitializations - Loopback interface: lo (Software Loopback Interface 1, 127.0.0.1)
17:40:20.141 [Forwarding newSession on session null to remote]  {} [] DEBUG io.netty.util.NetUtil - Failed to get SOMAXCONN from sysctl and file \proc\sys\net\core\somaxconn. Default: 200
17:40:20.205 [Forwarding newSession on session null to remote]  {} [] DEBUG io.netty.channel.DefaultChannelId - -Dio.netty.machineId: d4:3b:04:ff:fe:a1:46:c7 (auto-detected)
17:40:20.308 [AsyncHttpClient-1-2]  {} [] DEBUG io.netty.buffer.AbstractByteBuf - -Dio.netty.buffer.checkAccessible: true
17:40:20.308 [AsyncHttpClient-1-2]  {} [] DEBUG io.netty.buffer.AbstractByteBuf - -Dio.netty.buffer.checkBounds: true
17:40:20.309 [AsyncHttpClient-1-2]  {} [] DEBUG io.netty.util.ResourceLeakDetectorFactory - Loaded default ResourceLeakDetector: io.netty.util.ResourceLeakDetector@d527a67
17:40:20.366 [AsyncHttpClient-1-2]  {} [] DEBUG io.netty.util.Recycler - -Dio.netty.recycler.maxCapacityPerThread: 4096
17:40:20.366 [AsyncHttpClient-1-2]  {} [] DEBUG io.netty.util.Recycler - -Dio.netty.recycler.ratio: 8
17:40:20.366 [AsyncHttpClient-1-2]  {} [] DEBUG io.netty.util.Recycler - -Dio.netty.recycler.chunkSize: 32
17:40:20.367 [AsyncHttpClient-1-2]  {} [] DEBUG io.netty.util.Recycler - -Dio.netty.recycler.blocking: false
17:40:21.331 [AsyncHttpClient-1-2]  {} [] DEBUG io.netty.handler.codec.compression.Brotli - brotli4j not in the classpath; Brotli support will be unavailable.
17:40:21.551 [main]  {} [] DEBUG io.netty.util.internal.ThreadLocalRandom - -Dio.netty.initialSeedUniquifier: 0xf00ac3810d6279dd
17:40:24.288 [main]  {} [] INFO  seleniumGlueCode.HomeDefinition - se inicia reporte
17:40:26.243 [main]  {} [] INFO  seleniumGlueCode.HomeDefinition - se finaliza el  reporte
17:56:55.388 [main]  {} [] DEBUG io.netty.util.internal.logging.InternalLoggerFactory - Using Log4J2 as the default logging framework
17:56:55.419 [main]  {} [] DEBUG io.netty.util.ResourceLeakDetector - -Dio.netty.leakDetection.level: simple
17:56:55.420 [main]  {} [] DEBUG io.netty.util.ResourceLeakDetector - -Dio.netty.leakDetection.targetRecords: 4
17:56:55.431 [main]  {} [] DEBUG io.netty.util.ResourceLeakDetectorFactory - Loaded default ResourceLeakDetector: io.netty.util.ResourceLeakDetector@160396db
17:56:55.507 [main]  {} [] DEBUG io.netty.util.internal.PlatformDependent0 - -Dio.netty.noUnsafe: false
17:56:55.507 [main]  {} [] DEBUG io.netty.util.internal.PlatformDependent0 - Java version: 19
17:56:55.510 [main]  {} [] DEBUG io.netty.util.internal.PlatformDependent0 - sun.misc.Unsafe.theUnsafe: available
17:56:55.512 [main]  {} [] DEBUG io.netty.util.internal.PlatformDependent0 - sun.misc.Unsafe.copyMemory: available
17:56:55.513 [main]  {} [] DEBUG io.netty.util.internal.PlatformDependent0 - sun.misc.Unsafe.storeFence: available
17:56:55.515 [main]  {} [] DEBUG io.netty.util.internal.PlatformDependent0 - java.nio.Buffer.address: available
17:56:55.516 [main]  {} [] DEBUG io.netty.util.internal.PlatformDependent0 - direct buffer constructor: unavailable: Reflective setAccessible(true) disabled
17:56:55.518 [main]  {} [] DEBUG io.netty.util.internal.PlatformDependent0 - java.nio.Bits.unaligned: available, true
17:56:55.521 [main]  {} [] DEBUG io.netty.util.internal.PlatformDependent0 - jdk.internal.misc.Unsafe.allocateUninitializedArray(int): unavailable: class io.netty.util.internal.PlatformDependent0$7 cannot access class jdk.internal.misc.Unsafe (in module java.base) because module java.base does not export jdk.internal.misc to unnamed module @7a46a697
17:56:55.524 [main]  {} [] DEBUG io.netty.util.internal.PlatformDependent0 - java.nio.DirectByteBuffer.<init>(long, int): unavailable
17:56:55.524 [main]  {} [] DEBUG io.netty.util.internal.PlatformDependent - sun.misc.Unsafe: available
17:56:55.526 [main]  {} [] DEBUG io.netty.util.internal.PlatformDependent - maxDirectMemory: 4257218560 bytes (maybe)
17:56:55.527 [main]  {} [] DEBUG io.netty.util.internal.PlatformDependent - -Dio.netty.tmpdir: C:\Users\user\AppData\Local\Temp (java.io.tmpdir)
17:56:55.527 [main]  {} [] DEBUG io.netty.util.internal.PlatformDependent - -Dio.netty.bitMode: 64 (sun.arch.data.model)
17:56:55.528 [main]  {} [] DEBUG io.netty.util.internal.PlatformDependent - Platform: Windows
17:56:55.529 [main]  {} [] DEBUG io.netty.util.internal.PlatformDependent - -Dio.netty.maxDirectMemory: -1 bytes
17:56:55.530 [main]  {} [] DEBUG io.netty.util.internal.PlatformDependent - -Dio.netty.uninitializedArrayAllocationThreshold: -1
17:56:55.534 [main]  {} [] DEBUG io.netty.util.internal.CleanerJava9 - java.nio.ByteBuffer.cleaner(): available
17:56:55.535 [main]  {} [] DEBUG io.netty.util.internal.PlatformDependent - -Dio.netty.noPreferDirect: false
17:56:55.555 [main]  {} [] DEBUG io.netty.util.internal.PlatformDependent - org.jctools-core.MpscChunkedArrayQueue: available
17:56:55.603 [main]  {} [] DEBUG io.netty.util.internal.InternalThreadLocalMap - -Dio.netty.threadLocalMap.stringBuilder.initialSize: 1024
17:56:55.604 [main]  {} [] DEBUG io.netty.util.internal.InternalThreadLocalMap - -Dio.netty.threadLocalMap.stringBuilder.maxSize: 4096
17:56:55.758 [main]  {} [] DEBUG io.netty.handler.ssl.JdkSslContext - Default protocols (JDK): [TLSv1.3, TLSv1.2] 
17:56:55.759 [main]  {} [] DEBUG io.netty.handler.ssl.JdkSslContext - Default cipher suites (JDK): [TLS_ECDHE_ECDSA_WITH_AES_256_GCM_SHA384, TLS_ECDHE_ECDSA_WITH_AES_128_GCM_SHA256, TLS_ECDHE_RSA_WITH_AES_128_GCM_SHA256, TLS_ECDHE_RSA_WITH_AES_256_GCM_SHA384, TLS_ECDHE_RSA_WITH_AES_128_CBC_SHA, TLS_ECDHE_RSA_WITH_AES_256_CBC_SHA, TLS_RSA_WITH_AES_128_GCM_SHA256, TLS_RSA_WITH_AES_128_CBC_SHA, TLS_RSA_WITH_AES_256_CBC_SHA, TLS_AES_128_GCM_SHA256, TLS_AES_256_GCM_SHA384]
17:56:55.829 [main]  {} [] DEBUG io.netty.channel.MultithreadEventLoopGroup - -Dio.netty.eventLoopThreads: 16
17:56:55.848 [main]  {} [] DEBUG io.netty.channel.nio.NioEventLoop - -Dio.netty.noKeySetOptimization: false
17:56:55.849 [main]  {} [] DEBUG io.netty.channel.nio.NioEventLoop - -Dio.netty.selectorAutoRebuildThreshold: 512
17:56:55.948 [main]  {} [] DEBUG io.netty.buffer.PooledByteBufAllocator - -Dio.netty.allocator.numHeapArenas: 16
17:56:55.948 [main]  {} [] DEBUG io.netty.buffer.PooledByteBufAllocator - -Dio.netty.allocator.numDirectArenas: 16
17:56:55.949 [main]  {} [] DEBUG io.netty.buffer.PooledByteBufAllocator - -Dio.netty.allocator.pageSize: 8192
17:56:55.949 [main]  {} [] DEBUG io.netty.buffer.PooledByteBufAllocator - -Dio.netty.allocator.maxOrder: 9
17:56:55.950 [main]  {} [] DEBUG io.netty.buffer.PooledByteBufAllocator - -Dio.netty.allocator.chunkSize: 4194304
17:56:55.950 [main]  {} [] DEBUG io.netty.buffer.PooledByteBufAllocator - -Dio.netty.allocator.smallCacheSize: 256
17:56:55.950 [main]  {} [] DEBUG io.netty.buffer.PooledByteBufAllocator - -Dio.netty.allocator.normalCacheSize: 64
17:56:55.951 [main]  {} [] DEBUG io.netty.buffer.PooledByteBufAllocator - -Dio.netty.allocator.maxCachedBufferCapacity: 32768
17:56:55.951 [main]  {} [] DEBUG io.netty.buffer.PooledByteBufAllocator - -Dio.netty.allocator.cacheTrimInterval: 8192
17:56:55.952 [main]  {} [] DEBUG io.netty.buffer.PooledByteBufAllocator - -Dio.netty.allocator.cacheTrimIntervalMillis: 0
17:56:55.952 [main]  {} [] DEBUG io.netty.buffer.PooledByteBufAllocator - -Dio.netty.allocator.useCacheForAllThreads: false
17:56:55.952 [main]  {} [] DEBUG io.netty.buffer.PooledByteBufAllocator - -Dio.netty.allocator.maxCachedByteBuffersPerChunk: 1023
17:56:55.972 [main]  {} [] DEBUG io.netty.buffer.ByteBufUtil - -Dio.netty.allocator.type: pooled
17:56:55.973 [main]  {} [] DEBUG io.netty.buffer.ByteBufUtil - -Dio.netty.threadLocalDirectBufferSize: 0
17:56:55.973 [main]  {} [] DEBUG io.netty.buffer.ByteBufUtil - -Dio.netty.maxThreadLocalCharBufferSize: 16384
17:56:56.696 [Forwarding newSession on session null to remote]  {} [] DEBUG io.netty.channel.DefaultChannelId - -Dio.netty.processId: 20392 (auto-detected)
17:56:56.700 [Forwarding newSession on session null to remote]  {} [] DEBUG io.netty.util.NetUtil - -Djava.net.preferIPv4Stack: false
17:56:56.700 [Forwarding newSession on session null to remote]  {} [] DEBUG io.netty.util.NetUtil - -Djava.net.preferIPv6Addresses: false
17:56:56.723 [Forwarding newSession on session null to remote]  {} [] DEBUG io.netty.util.NetUtilInitializations - Loopback interface: lo (Software Loopback Interface 1, 127.0.0.1)
17:56:56.725 [Forwarding newSession on session null to remote]  {} [] DEBUG io.netty.util.NetUtil - Failed to get SOMAXCONN from sysctl and file \proc\sys\net\core\somaxconn. Default: 200
17:56:56.790 [Forwarding newSession on session null to remote]  {} [] DEBUG io.netty.channel.DefaultChannelId - -Dio.netty.machineId: d4:3b:04:ff:fe:a1:46:c7 (auto-detected)
17:56:56.908 [AsyncHttpClient-1-2]  {} [] DEBUG io.netty.buffer.AbstractByteBuf - -Dio.netty.buffer.checkAccessible: true
17:56:56.909 [AsyncHttpClient-1-2]  {} [] DEBUG io.netty.buffer.AbstractByteBuf - -Dio.netty.buffer.checkBounds: true
17:56:56.910 [AsyncHttpClient-1-2]  {} [] DEBUG io.netty.util.ResourceLeakDetectorFactory - Loaded default ResourceLeakDetector: io.netty.util.ResourceLeakDetector@71ba0d06
17:56:56.963 [AsyncHttpClient-1-2]  {} [] DEBUG io.netty.util.Recycler - -Dio.netty.recycler.maxCapacityPerThread: 4096
17:56:56.964 [AsyncHttpClient-1-2]  {} [] DEBUG io.netty.util.Recycler - -Dio.netty.recycler.ratio: 8
17:56:56.965 [AsyncHttpClient-1-2]  {} [] DEBUG io.netty.util.Recycler - -Dio.netty.recycler.chunkSize: 32
17:56:56.966 [AsyncHttpClient-1-2]  {} [] DEBUG io.netty.util.Recycler - -Dio.netty.recycler.blocking: false
17:56:58.008 [AsyncHttpClient-1-2]  {} [] DEBUG io.netty.handler.codec.compression.Brotli - brotli4j not in the classpath; Brotli support will be unavailable.
17:56:58.224 [main]  {} [] DEBUG io.netty.util.internal.ThreadLocalRandom - -Dio.netty.initialSeedUniquifier: 0x739fd0900c14d79c
17:57:00.720 [main]  {} [] INFO  seleniumGlueCode.HomeDefinition - se inicia reporte
17:57:03.383 [main]  {} [] INFO  seleniumGlueCode.HomeDefinition - se finaliza el  reporte
18:14:37.159 [main]  {} [] DEBUG io.netty.util.internal.logging.InternalLoggerFactory - Using Log4J2 as the default logging framework
18:14:37.174 [main]  {} [] DEBUG io.netty.util.ResourceLeakDetector - -Dio.netty.leakDetection.level: simple
18:14:37.175 [main]  {} [] DEBUG io.netty.util.ResourceLeakDetector - -Dio.netty.leakDetection.targetRecords: 4
18:14:37.185 [main]  {} [] DEBUG io.netty.util.ResourceLeakDetectorFactory - Loaded default ResourceLeakDetector: io.netty.util.ResourceLeakDetector@21719a0
18:14:37.223 [main]  {} [] DEBUG io.netty.util.internal.PlatformDependent0 - -Dio.netty.noUnsafe: false
18:14:37.223 [main]  {} [] DEBUG io.netty.util.internal.PlatformDependent0 - Java version: 19
18:14:37.226 [main]  {} [] DEBUG io.netty.util.internal.PlatformDependent0 - sun.misc.Unsafe.theUnsafe: available
18:14:37.228 [main]  {} [] DEBUG io.netty.util.internal.PlatformDependent0 - sun.misc.Unsafe.copyMemory: available
18:14:37.229 [main]  {} [] DEBUG io.netty.util.internal.PlatformDependent0 - sun.misc.Unsafe.storeFence: available
18:14:37.231 [main]  {} [] DEBUG io.netty.util.internal.PlatformDependent0 - java.nio.Buffer.address: available
18:14:37.232 [main]  {} [] DEBUG io.netty.util.internal.PlatformDependent0 - direct buffer constructor: unavailable: Reflective setAccessible(true) disabled
18:14:37.234 [main]  {} [] DEBUG io.netty.util.internal.PlatformDependent0 - java.nio.Bits.unaligned: available, true
18:14:37.236 [main]  {} [] DEBUG io.netty.util.internal.PlatformDependent0 - jdk.internal.misc.Unsafe.allocateUninitializedArray(int): unavailable: class io.netty.util.internal.PlatformDependent0$7 cannot access class jdk.internal.misc.Unsafe (in module java.base) because module java.base does not export jdk.internal.misc to unnamed module @7a46a697
18:14:37.239 [main]  {} [] DEBUG io.netty.util.internal.PlatformDependent0 - java.nio.DirectByteBuffer.<init>(long, int): unavailable
18:14:37.239 [main]  {} [] DEBUG io.netty.util.internal.PlatformDependent - sun.misc.Unsafe: available
18:14:37.241 [main]  {} [] DEBUG io.netty.util.internal.PlatformDependent - maxDirectMemory: 4257218560 bytes (maybe)
18:14:37.242 [main]  {} [] DEBUG io.netty.util.internal.PlatformDependent - -Dio.netty.tmpdir: C:\Users\user\AppData\Local\Temp (java.io.tmpdir)
18:14:37.242 [main]  {} [] DEBUG io.netty.util.internal.PlatformDependent - -Dio.netty.bitMode: 64 (sun.arch.data.model)
18:14:37.243 [main]  {} [] DEBUG io.netty.util.internal.PlatformDependent - Platform: Windows
18:14:37.244 [main]  {} [] DEBUG io.netty.util.internal.PlatformDependent - -Dio.netty.maxDirectMemory: -1 bytes
18:14:37.245 [main]  {} [] DEBUG io.netty.util.internal.PlatformDependent - -Dio.netty.uninitializedArrayAllocationThreshold: -1
18:14:37.249 [main]  {} [] DEBUG io.netty.util.internal.CleanerJava9 - java.nio.ByteBuffer.cleaner(): available
18:14:37.249 [main]  {} [] DEBUG io.netty.util.internal.PlatformDependent - -Dio.netty.noPreferDirect: false
18:14:37.264 [main]  {} [] DEBUG io.netty.util.internal.PlatformDependent - org.jctools-core.MpscChunkedArrayQueue: available
18:14:37.300 [main]  {} [] DEBUG io.netty.util.internal.InternalThreadLocalMap - -Dio.netty.threadLocalMap.stringBuilder.initialSize: 1024
18:14:37.300 [main]  {} [] DEBUG io.netty.util.internal.InternalThreadLocalMap - -Dio.netty.threadLocalMap.stringBuilder.maxSize: 4096
18:14:37.396 [main]  {} [] DEBUG io.netty.handler.ssl.JdkSslContext - Default protocols (JDK): [TLSv1.3, TLSv1.2] 
18:14:37.397 [main]  {} [] DEBUG io.netty.handler.ssl.JdkSslContext - Default cipher suites (JDK): [TLS_ECDHE_ECDSA_WITH_AES_256_GCM_SHA384, TLS_ECDHE_ECDSA_WITH_AES_128_GCM_SHA256, TLS_ECDHE_RSA_WITH_AES_128_GCM_SHA256, TLS_ECDHE_RSA_WITH_AES_256_GCM_SHA384, TLS_ECDHE_RSA_WITH_AES_128_CBC_SHA, TLS_ECDHE_RSA_WITH_AES_256_CBC_SHA, TLS_RSA_WITH_AES_128_GCM_SHA256, TLS_RSA_WITH_AES_128_CBC_SHA, TLS_RSA_WITH_AES_256_CBC_SHA, TLS_AES_128_GCM_SHA256, TLS_AES_256_GCM_SHA384]
18:14:37.462 [main]  {} [] DEBUG io.netty.channel.MultithreadEventLoopGroup - -Dio.netty.eventLoopThreads: 16
18:14:37.484 [main]  {} [] DEBUG io.netty.channel.nio.NioEventLoop - -Dio.netty.noKeySetOptimization: false
18:14:37.485 [main]  {} [] DEBUG io.netty.channel.nio.NioEventLoop - -Dio.netty.selectorAutoRebuildThreshold: 512
18:14:37.602 [main]  {} [] DEBUG io.netty.buffer.PooledByteBufAllocator - -Dio.netty.allocator.numHeapArenas: 16
18:14:37.604 [main]  {} [] DEBUG io.netty.buffer.PooledByteBufAllocator - -Dio.netty.allocator.numDirectArenas: 16
18:14:37.604 [main]  {} [] DEBUG io.netty.buffer.PooledByteBufAllocator - -Dio.netty.allocator.pageSize: 8192
18:14:37.605 [main]  {} [] DEBUG io.netty.buffer.PooledByteBufAllocator - -Dio.netty.allocator.maxOrder: 9
18:14:37.606 [main]  {} [] DEBUG io.netty.buffer.PooledByteBufAllocator - -Dio.netty.allocator.chunkSize: 4194304
18:14:37.610 [main]  {} [] DEBUG io.netty.buffer.PooledByteBufAllocator - -Dio.netty.allocator.smallCacheSize: 256
18:14:37.613 [main]  {} [] DEBUG io.netty.buffer.PooledByteBufAllocator - -Dio.netty.allocator.normalCacheSize: 64
18:14:37.619 [main]  {} [] DEBUG io.netty.buffer.PooledByteBufAllocator - -Dio.netty.allocator.maxCachedBufferCapacity: 32768
18:14:37.619 [main]  {} [] DEBUG io.netty.buffer.PooledByteBufAllocator - -Dio.netty.allocator.cacheTrimInterval: 8192
18:14:37.620 [main]  {} [] DEBUG io.netty.buffer.PooledByteBufAllocator - -Dio.netty.allocator.cacheTrimIntervalMillis: 0
18:14:37.620 [main]  {} [] DEBUG io.netty.buffer.PooledByteBufAllocator - -Dio.netty.allocator.useCacheForAllThreads: false
18:14:37.621 [main]  {} [] DEBUG io.netty.buffer.PooledByteBufAllocator - -Dio.netty.allocator.maxCachedByteBuffersPerChunk: 1023
18:14:37.658 [main]  {} [] DEBUG io.netty.buffer.ByteBufUtil - -Dio.netty.allocator.type: pooled
18:14:37.659 [main]  {} [] DEBUG io.netty.buffer.ByteBufUtil - -Dio.netty.threadLocalDirectBufferSize: 0
18:14:37.659 [main]  {} [] DEBUG io.netty.buffer.ByteBufUtil - -Dio.netty.maxThreadLocalCharBufferSize: 16384
18:14:38.315 [Forwarding newSession on session null to remote]  {} [] DEBUG io.netty.channel.DefaultChannelId - -Dio.netty.processId: 19816 (auto-detected)
18:14:38.319 [Forwarding newSession on session null to remote]  {} [] DEBUG io.netty.util.NetUtil - -Djava.net.preferIPv4Stack: false
18:14:38.319 [Forwarding newSession on session null to remote]  {} [] DEBUG io.netty.util.NetUtil - -Djava.net.preferIPv6Addresses: false
18:14:38.337 [Forwarding newSession on session null to remote]  {} [] DEBUG io.netty.util.NetUtilInitializations - Loopback interface: lo (Software Loopback Interface 1, 127.0.0.1)
18:14:38.340 [Forwarding newSession on session null to remote]  {} [] DEBUG io.netty.util.NetUtil - Failed to get SOMAXCONN from sysctl and file \proc\sys\net\core\somaxconn. Default: 200
18:14:38.396 [Forwarding newSession on session null to remote]  {} [] DEBUG io.netty.channel.DefaultChannelId - -Dio.netty.machineId: d4:3b:04:ff:fe:a1:46:c7 (auto-detected)
18:14:38.494 [AsyncHttpClient-1-2]  {} [] DEBUG io.netty.buffer.AbstractByteBuf - -Dio.netty.buffer.checkAccessible: true
18:14:38.494 [AsyncHttpClient-1-2]  {} [] DEBUG io.netty.buffer.AbstractByteBuf - -Dio.netty.buffer.checkBounds: true
18:14:38.495 [AsyncHttpClient-1-2]  {} [] DEBUG io.netty.util.ResourceLeakDetectorFactory - Loaded default ResourceLeakDetector: io.netty.util.ResourceLeakDetector@7d3c7226
18:14:38.543 [AsyncHttpClient-1-2]  {} [] DEBUG io.netty.util.Recycler - -Dio.netty.recycler.maxCapacityPerThread: 4096
18:14:38.544 [AsyncHttpClient-1-2]  {} [] DEBUG io.netty.util.Recycler - -Dio.netty.recycler.ratio: 8
18:14:38.544 [AsyncHttpClient-1-2]  {} [] DEBUG io.netty.util.Recycler - -Dio.netty.recycler.chunkSize: 32
18:14:38.544 [AsyncHttpClient-1-2]  {} [] DEBUG io.netty.util.Recycler - -Dio.netty.recycler.blocking: false
18:14:39.436 [AsyncHttpClient-1-2]  {} [] DEBUG io.netty.handler.codec.compression.Brotli - brotli4j not in the classpath; Brotli support will be unavailable.
18:14:39.653 [main]  {} [] DEBUG io.netty.util.internal.ThreadLocalRandom - -Dio.netty.initialSeedUniquifier: 0x8e3d703ff0d3ba36
18:14:42.090 [main]  {} [] INFO  seleniumGlueCode.HomeDefinition - se inicia reporte
18:14:44.501 [main]  {} [] INFO  seleniumGlueCode.HomeDefinition - se finaliza el  reporte
18:15:58.667 [main]  {} [] DEBUG io.netty.util.internal.logging.InternalLoggerFactory - Using Log4J2 as the default logging framework
18:15:58.686 [main]  {} [] DEBUG io.netty.util.ResourceLeakDetector - -Dio.netty.leakDetection.level: simple
18:15:58.687 [main]  {} [] DEBUG io.netty.util.ResourceLeakDetector - -Dio.netty.leakDetection.targetRecords: 4
18:15:58.702 [main]  {} [] DEBUG io.netty.util.ResourceLeakDetectorFactory - Loaded default ResourceLeakDetector: io.netty.util.ResourceLeakDetector@6ff37443
18:15:58.741 [main]  {} [] DEBUG io.netty.util.internal.PlatformDependent0 - -Dio.netty.noUnsafe: false
18:15:58.742 [main]  {} [] DEBUG io.netty.util.internal.PlatformDependent0 - Java version: 19
18:15:58.745 [main]  {} [] DEBUG io.netty.util.internal.PlatformDependent0 - sun.misc.Unsafe.theUnsafe: available
18:15:58.746 [main]  {} [] DEBUG io.netty.util.internal.PlatformDependent0 - sun.misc.Unsafe.copyMemory: available
18:15:58.747 [main]  {} [] DEBUG io.netty.util.internal.PlatformDependent0 - sun.misc.Unsafe.storeFence: available
18:15:58.749 [main]  {} [] DEBUG io.netty.util.internal.PlatformDependent0 - java.nio.Buffer.address: available
18:15:58.751 [main]  {} [] DEBUG io.netty.util.internal.PlatformDependent0 - direct buffer constructor: unavailable: Reflective setAccessible(true) disabled
18:15:58.752 [main]  {} [] DEBUG io.netty.util.internal.PlatformDependent0 - java.nio.Bits.unaligned: available, true
18:15:58.754 [main]  {} [] DEBUG io.netty.util.internal.PlatformDependent0 - jdk.internal.misc.Unsafe.allocateUninitializedArray(int): unavailable: class io.netty.util.internal.PlatformDependent0$7 cannot access class jdk.internal.misc.Unsafe (in module java.base) because module java.base does not export jdk.internal.misc to unnamed module @7a46a697
18:15:58.756 [main]  {} [] DEBUG io.netty.util.internal.PlatformDependent0 - java.nio.DirectByteBuffer.<init>(long, int): unavailable
18:15:58.757 [main]  {} [] DEBUG io.netty.util.internal.PlatformDependent - sun.misc.Unsafe: available
18:15:58.758 [main]  {} [] DEBUG io.netty.util.internal.PlatformDependent - maxDirectMemory: 4257218560 bytes (maybe)
18:15:58.759 [main]  {} [] DEBUG io.netty.util.internal.PlatformDependent - -Dio.netty.tmpdir: C:\Users\user\AppData\Local\Temp (java.io.tmpdir)
18:15:58.759 [main]  {} [] DEBUG io.netty.util.internal.PlatformDependent - -Dio.netty.bitMode: 64 (sun.arch.data.model)
18:15:58.759 [main]  {} [] DEBUG io.netty.util.internal.PlatformDependent - Platform: Windows
18:15:58.761 [main]  {} [] DEBUG io.netty.util.internal.PlatformDependent - -Dio.netty.maxDirectMemory: -1 bytes
18:15:58.762 [main]  {} [] DEBUG io.netty.util.internal.PlatformDependent - -Dio.netty.uninitializedArrayAllocationThreshold: -1
18:15:58.764 [main]  {} [] DEBUG io.netty.util.internal.CleanerJava9 - java.nio.ByteBuffer.cleaner(): available
18:15:58.765 [main]  {} [] DEBUG io.netty.util.internal.PlatformDependent - -Dio.netty.noPreferDirect: false
18:15:58.782 [main]  {} [] DEBUG io.netty.util.internal.PlatformDependent - org.jctools-core.MpscChunkedArrayQueue: available
18:15:58.818 [main]  {} [] DEBUG io.netty.util.internal.InternalThreadLocalMap - -Dio.netty.threadLocalMap.stringBuilder.initialSize: 1024
18:15:58.818 [main]  {} [] DEBUG io.netty.util.internal.InternalThreadLocalMap - -Dio.netty.threadLocalMap.stringBuilder.maxSize: 4096
18:15:58.912 [main]  {} [] DEBUG io.netty.handler.ssl.JdkSslContext - Default protocols (JDK): [TLSv1.3, TLSv1.2] 
18:15:58.913 [main]  {} [] DEBUG io.netty.handler.ssl.JdkSslContext - Default cipher suites (JDK): [TLS_ECDHE_ECDSA_WITH_AES_256_GCM_SHA384, TLS_ECDHE_ECDSA_WITH_AES_128_GCM_SHA256, TLS_ECDHE_RSA_WITH_AES_128_GCM_SHA256, TLS_ECDHE_RSA_WITH_AES_256_GCM_SHA384, TLS_ECDHE_RSA_WITH_AES_128_CBC_SHA, TLS_ECDHE_RSA_WITH_AES_256_CBC_SHA, TLS_RSA_WITH_AES_128_GCM_SHA256, TLS_RSA_WITH_AES_128_CBC_SHA, TLS_RSA_WITH_AES_256_CBC_SHA, TLS_AES_128_GCM_SHA256, TLS_AES_256_GCM_SHA384]
18:15:58.974 [main]  {} [] DEBUG io.netty.channel.MultithreadEventLoopGroup - -Dio.netty.eventLoopThreads: 16
18:15:58.995 [main]  {} [] DEBUG io.netty.channel.nio.NioEventLoop - -Dio.netty.noKeySetOptimization: false
18:15:58.996 [main]  {} [] DEBUG io.netty.channel.nio.NioEventLoop - -Dio.netty.selectorAutoRebuildThreshold: 512
18:15:59.096 [main]  {} [] DEBUG io.netty.buffer.PooledByteBufAllocator - -Dio.netty.allocator.numHeapArenas: 16
18:15:59.096 [main]  {} [] DEBUG io.netty.buffer.PooledByteBufAllocator - -Dio.netty.allocator.numDirectArenas: 16
18:15:59.096 [main]  {} [] DEBUG io.netty.buffer.PooledByteBufAllocator - -Dio.netty.allocator.pageSize: 8192
18:15:59.097 [main]  {} [] DEBUG io.netty.buffer.PooledByteBufAllocator - -Dio.netty.allocator.maxOrder: 9
18:15:59.097 [main]  {} [] DEBUG io.netty.buffer.PooledByteBufAllocator - -Dio.netty.allocator.chunkSize: 4194304
18:15:59.097 [main]  {} [] DEBUG io.netty.buffer.PooledByteBufAllocator - -Dio.netty.allocator.smallCacheSize: 256
18:15:59.097 [main]  {} [] DEBUG io.netty.buffer.PooledByteBufAllocator - -Dio.netty.allocator.normalCacheSize: 64
18:15:59.098 [main]  {} [] DEBUG io.netty.buffer.PooledByteBufAllocator - -Dio.netty.allocator.maxCachedBufferCapacity: 32768
18:15:59.098 [main]  {} [] DEBUG io.netty.buffer.PooledByteBufAllocator - -Dio.netty.allocator.cacheTrimInterval: 8192
18:15:59.098 [main]  {} [] DEBUG io.netty.buffer.PooledByteBufAllocator - -Dio.netty.allocator.cacheTrimIntervalMillis: 0
18:15:59.098 [main]  {} [] DEBUG io.netty.buffer.PooledByteBufAllocator - -Dio.netty.allocator.useCacheForAllThreads: false
18:15:59.099 [main]  {} [] DEBUG io.netty.buffer.PooledByteBufAllocator - -Dio.netty.allocator.maxCachedByteBuffersPerChunk: 1023
18:15:59.119 [main]  {} [] DEBUG io.netty.buffer.ByteBufUtil - -Dio.netty.allocator.type: pooled
18:15:59.119 [main]  {} [] DEBUG io.netty.buffer.ByteBufUtil - -Dio.netty.threadLocalDirectBufferSize: 0
18:15:59.119 [main]  {} [] DEBUG io.netty.buffer.ByteBufUtil - -Dio.netty.maxThreadLocalCharBufferSize: 16384
18:15:59.787 [Forwarding newSession on session null to remote]  {} [] DEBUG io.netty.channel.DefaultChannelId - -Dio.netty.processId: 17340 (auto-detected)
18:15:59.792 [Forwarding newSession on session null to remote]  {} [] DEBUG io.netty.util.NetUtil - -Djava.net.preferIPv4Stack: false
18:15:59.792 [Forwarding newSession on session null to remote]  {} [] DEBUG io.netty.util.NetUtil - -Djava.net.preferIPv6Addresses: false
18:15:59.808 [Forwarding newSession on session null to remote]  {} [] DEBUG io.netty.util.NetUtilInitializations - Loopback interface: lo (Software Loopback Interface 1, 127.0.0.1)
18:15:59.812 [Forwarding newSession on session null to remote]  {} [] DEBUG io.netty.util.NetUtil - Failed to get SOMAXCONN from sysctl and file \proc\sys\net\core\somaxconn. Default: 200
18:15:59.878 [Forwarding newSession on session null to remote]  {} [] DEBUG io.netty.channel.DefaultChannelId - -Dio.netty.machineId: d4:3b:04:ff:fe:a1:46:c7 (auto-detected)
18:15:59.979 [AsyncHttpClient-1-2]  {} [] DEBUG io.netty.buffer.AbstractByteBuf - -Dio.netty.buffer.checkAccessible: true
18:15:59.980 [AsyncHttpClient-1-2]  {} [] DEBUG io.netty.buffer.AbstractByteBuf - -Dio.netty.buffer.checkBounds: true
18:15:59.980 [AsyncHttpClient-1-2]  {} [] DEBUG io.netty.util.ResourceLeakDetectorFactory - Loaded default ResourceLeakDetector: io.netty.util.ResourceLeakDetector@71ba0d06
18:16:00.036 [AsyncHttpClient-1-2]  {} [] DEBUG io.netty.util.Recycler - -Dio.netty.recycler.maxCapacityPerThread: 4096
18:16:00.036 [AsyncHttpClient-1-2]  {} [] DEBUG io.netty.util.Recycler - -Dio.netty.recycler.ratio: 8
18:16:00.037 [AsyncHttpClient-1-2]  {} [] DEBUG io.netty.util.Recycler - -Dio.netty.recycler.chunkSize: 32
18:16:00.037 [AsyncHttpClient-1-2]  {} [] DEBUG io.netty.util.Recycler - -Dio.netty.recycler.blocking: false
18:16:00.974 [AsyncHttpClient-1-2]  {} [] DEBUG io.netty.handler.codec.compression.Brotli - brotli4j not in the classpath; Brotli support will be unavailable.
18:16:01.185 [main]  {} [] DEBUG io.netty.util.internal.ThreadLocalRandom - -Dio.netty.initialSeedUniquifier: 0x7f0ca71de0a956b5
18:16:03.901 [main]  {} [] INFO  seleniumGlueCode.HomeDefinition - se inicia reporte
18:16:06.214 [main]  {} [] INFO  seleniumGlueCode.HomeDefinition - se finaliza el  reporte
